<?xml version="1.0" encoding="UTF-8"?>
<!-- Generated by org.testng.reporters.JUnitXMLReporter -->
<testsuite ignored="0" hostname="LAPTOP-OOJD2GM0" failures="1" tests="1" name="Test2" time="0.013" errors="0" timestamp="2022-10-15T10:48:13 IST">
  <testcase classname="testfiles.tests.loginTest" name="EcomerceApplication" time="0.002">
    <failure type="java.lang.NullPointerException" message="Cannot invoke &amp;quot;basefiles.pageobjects.LandingPage.loginApplication(String, String)&amp;quot; because &amp;quot;this.page&amp;quot; is null">
      <![CDATA[java.lang.NullPointerException: Cannot invoke "basefiles.pageobjects.LandingPage.loginApplication(String, String)" because "this.page" is null
at testfiles.tests.loginTest.EcomerceApplication(loginTest.java:34)
at java.base/java.util.ArrayList.forEach(ArrayList.java:1511)
... Removed 27 stack frames]]>
    </failure>
  </testcase> <!-- EcomerceApplication -->
</testsuite> <!-- Test2 -->
